yz4552
*   b18ed59 3st commit on m_b_b(9), 2st merge from m_b to m_b_b
|\  
| *   5c346f0 3st commit on m_b(8), 2st merge from master to m_b
| |\  
| | * 8f99746 3st commit on master(7)
* | |   b18a3ca 2st commit on m_b_b(6), 1st merge from m_b to m_b_b
|\ \ \  
| |/ /  
| * |   7d40ca1 2st commit on m_b(5), 1st merge from master to m_b
| |\ \  
| | |/  
| | * 5b40e55 2st commit on master(4)
* | | 2e47695 1st commit on m_b_b(3)
|/ /  
* | 14b9f37 1st commit on m_b(2)
|/  
* 0ae236d 1st commit on master(1)

zw1365
*   ec8a3f0 9th commit (5th on master)
|\  
| *   d8b4bbe 7th commit (3rd on b1)
| |\  
| * | 9b84e3d 6th commit (2nd on b1)
* | |   997b40d 8th commit (4th on master)
|\ \ \  
| | |/  
| |/|   
| * |   ea01313 4th commit (1st on b2)
| |\ \  
| | |/  
| | * dc91904 3rd commit (1st on b1)
* | | f814b3b 5th commit (3rd on master)
|/ /  
* | 306dc70 2nd commit (2nd on master)
|/  
* 37dcda6 1st commit (1st on master)
