yc2554
*   f11dfe3 9th commit (5th commit on master)
|\  
| *   497b7ee 8th commit (3rd commit on b1)
| |\  
| * | 1818bbe 5th commit (2rd commit on b1)
* | |   2734f32 7th commit (4th commit on master)
|\ \ \  
| | |/  
| |/|   
| * |   5208c92 4th commit (1st commit on b2)
| |\ \  
| | |/  
| | * 6510aca 2nd commit (1st on b1)
* | | eaf8c71 6th commit (3rd commit on master)
|/ /  
* | ed9b342 3rd commit (2st on master)
|/  
* a0f2dcf 1th commit (1st on master).

zw1365
*   ec8a3f0 9th commit (5th on master)
|\  
| *   d8b4bbe 7th commit (3rd on b1)
| |\  
| * | 9b84e3d 6th commit (2nd on b1)
* | |   997b40d 8th commit (4th on master)
|\ \ \  
| | |/  
| |/|   
| * |   ea01313 4th commit (1st on b2)
| |\ \  
| | |/  
| | * dc91904 3rd commit (1st on b1)
* | | f814b3b 5th commit (3rd on master)
|/ /  
* | 306dc70 2nd commit (2nd on master)
|/  
* 37dcda6 1st commit (1st on master)
